[2020-03-10 10:42:45 INFO ] org.gameserver.core.SingleServerConsole:50>logStarting - Starting SingleServerConsole on DESKTOP-0C520QL with PID 11036 (E:\idea-workspace\game-server\game-core\target\classes started by bao in E:\idea-workspace\game-server)
[2020-03-10 10:42:45 INFO ] org.gameserver.core.SingleServerConsole:675>logStartupProfileInfo - No active profile set, falling back to default profiles: default
[2020-03-10 10:42:46 INFO ] org.gameserver.core.SingleServerConsole:59>logStarted - Started SingleServerConsole in 0.683 seconds (JVM running for 1.883)
[2020-03-10 10:42:46 INFO ] org.gameserver.core.SingleServerConsole:35>run - SingleServerConsole run args:org.springframework.boot.DefaultApplicationArguments@675ffd1d
[2020-03-10 10:42:46 INFO ] org.gameserver.core.server.SingleStartCloseHandler:30>onStart - 单服启动开始
[2020-03-10 10:42:46 INFO ] org.gameserver.core.server.SingleStartCloseHandler:31>onStart - 单服启动成功
[2020-03-10 10:44:20 INFO ] org.gameserver.core.server.SingleStartCloseHandler:24>onClose - 单服开始关服
[2020-03-10 10:44:20 INFO ] org.gameserver.core.server.SingleStartCloseHandler:25>onClose - 单服关服成功
[2020-03-10 10:46:49 INFO ] org.gameserver.core.SingleServerConsole:50>logStarting - Starting SingleServerConsole on DESKTOP-0C520QL with PID 17560 (E:\idea-workspace\game-server\game-core\target\classes started by bao in E:\idea-workspace\game-server)
[2020-03-10 10:46:49 INFO ] org.gameserver.core.SingleServerConsole:675>logStartupProfileInfo - No active profile set, falling back to default profiles: default
[2020-03-10 10:46:50 INFO ] org.gameserver.core.SingleServerConsole:59>logStarted - Started SingleServerConsole in 0.559 seconds (JVM running for 1.232)
[2020-03-10 10:46:50 INFO ] org.gameserver.core.SingleServerConsole:35>run - SingleServerConsole run args:org.springframework.boot.DefaultApplicationArguments@63da207f
[2020-03-10 10:46:50 INFO ] org.gameserver.core.server.SingleStartCloseHandler:30>onStart - 单服启动开始
[2020-03-10 10:46:50 INFO ] org.gameserver.core.server.SingleStartCloseHandler:31>onStart - 单服启动成功
[2020-03-10 10:46:53 INFO ] org.gameserver.core.server.SingleStartCloseHandler:24>onClose - 单服开始关服
[2020-03-10 10:46:53 INFO ] org.gameserver.core.server.SingleStartCloseHandler:25>onClose - 单服关服成功
[2020-03-10 16:31:55 INFO ] org.gameserver.core.SingleServerConsole:50>logStarting - Starting SingleServerConsole on DESKTOP-0C520QL with PID 6892 (E:\idea-workspace\game-server\game-core\target\classes started by bao in E:\idea-workspace\game-server)
[2020-03-10 16:31:55 INFO ] org.gameserver.core.SingleServerConsole:675>logStartupProfileInfo - No active profile set, falling back to default profiles: default
[2020-03-10 16:31:56 INFO ] org.springframework.context.annotation.ConfigurationClassEnhancer:355>intercept - @Bean method SingleBootConfig.requstScanner is non-static and returns an object assignable to Spring's BeanFactoryPostProcessor interface. This will result in a failure to process annotations such as @Autowired, @Resource and @PostConstruct within the method's declaring @Configuration class. Add the 'static' modifier to this method to avoid these container lifecycle issues; see @Bean javadoc for complete details.
[2020-03-10 16:31:56 INFO ] org.gameserver.core.SingleServerConsole:59>logStarted - Started SingleServerConsole in 0.725 seconds (JVM running for 1.919)
[2020-03-10 16:31:56 INFO ] org.gameserver.core.SingleServerConsole:35>run - SingleServerConsole run args:org.springframework.boot.DefaultApplicationArguments@51827393
[2020-03-10 16:31:56 INFO ] org.gameserver.core.server.SingleStartCloseHandler:30>onStart - 单服启动开始
[2020-03-10 16:31:56 INFO ] org.gameserver.core.server.SingleStartCloseHandler:31>onStart - 单服启动成功
[2020-03-10 16:32:04 INFO ] org.gameserver.core.server.SingleStartCloseHandler:24>onClose - 单服开始关服
[2020-03-10 16:32:04 INFO ] org.gameserver.core.server.SingleStartCloseHandler:25>onClose - 单服关服成功
[2020-03-10 16:32:10 INFO ] org.gameserver.core.SingleServerConsole:50>logStarting - Starting SingleServerConsole on DESKTOP-0C520QL with PID 8432 (E:\idea-workspace\game-server\game-core\target\classes started by bao in E:\idea-workspace\game-server)
[2020-03-10 16:32:10 INFO ] org.gameserver.core.SingleServerConsole:675>logStartupProfileInfo - No active profile set, falling back to default profiles: default
[2020-03-10 16:32:10 INFO ] org.springframework.context.annotation.ConfigurationClassEnhancer:355>intercept - @Bean method SingleBootConfig.requstScanner is non-static and returns an object assignable to Spring's BeanFactoryPostProcessor interface. This will result in a failure to process annotations such as @Autowired, @Resource and @PostConstruct within the method's declaring @Configuration class. Add the 'static' modifier to this method to avoid these container lifecycle issues; see @Bean javadoc for complete details.
[2020-03-10 16:32:34 INFO ] org.gameserver.core.SingleServerConsole:50>logStarting - Starting SingleServerConsole on DESKTOP-0C520QL with PID 8956 (E:\idea-workspace\game-server\game-core\target\classes started by bao in E:\idea-workspace\game-server)
[2020-03-10 16:32:34 INFO ] org.gameserver.core.SingleServerConsole:675>logStartupProfileInfo - No active profile set, falling back to default profiles: default
[2020-03-10 16:32:34 INFO ] org.springframework.context.annotation.ConfigurationClassEnhancer:355>intercept - @Bean method SingleBootConfig.requstScanner is non-static and returns an object assignable to Spring's BeanFactoryPostProcessor interface. This will result in a failure to process annotations such as @Autowired, @Resource and @PostConstruct within the method's declaring @Configuration class. Add the 'static' modifier to this method to avoid these container lifecycle issues; see @Bean javadoc for complete details.
[2020-03-10 16:32:34 INFO ] org.gameserver.core.SingleServerConsole:59>logStarted - Started SingleServerConsole in 0.644 seconds (JVM running for 1.338)
[2020-03-10 16:32:34 INFO ] org.gameserver.core.SingleServerConsole:35>run - SingleServerConsole run args:org.springframework.boot.DefaultApplicationArguments@70242f38
[2020-03-10 16:32:34 INFO ] org.gameserver.core.server.SingleStartCloseHandler:30>onStart - 单服启动开始
[2020-03-10 16:32:34 INFO ] org.gameserver.core.server.SingleStartCloseHandler:31>onStart - 单服启动成功
[2020-03-10 16:34:23 INFO ] org.gameserver.core.server.SingleStartCloseHandler:24>onClose - 单服开始关服
[2020-03-10 16:34:23 INFO ] org.gameserver.core.server.SingleStartCloseHandler:25>onClose - 单服关服成功
[2020-03-10 16:34:26 INFO ] org.gameserver.core.SingleServerConsole:50>logStarting - Starting SingleServerConsole on DESKTOP-0C520QL with PID 5416 (E:\idea-workspace\game-server\game-core\target\classes started by bao in E:\idea-workspace\game-server)
[2020-03-10 16:34:26 INFO ] org.gameserver.core.SingleServerConsole:675>logStartupProfileInfo - No active profile set, falling back to default profiles: default
[2020-03-10 16:34:26 INFO ] org.springframework.context.annotation.ConfigurationClassEnhancer:355>intercept - @Bean method SingleBootConfig.requstScanner is non-static and returns an object assignable to Spring's BeanFactoryPostProcessor interface. This will result in a failure to process annotations such as @Autowired, @Resource and @PostConstruct within the method's declaring @Configuration class. Add the 'static' modifier to this method to avoid these container lifecycle issues; see @Bean javadoc for complete details.
[2020-03-10 16:34:26 INFO ] org.gameserver.core.SingleServerConsole:59>logStarted - Started SingleServerConsole in 0.656 seconds (JVM running for 1.356)
[2020-03-10 16:34:26 INFO ] org.gameserver.core.SingleServerConsole:35>run - SingleServerConsole run args:org.springframework.boot.DefaultApplicationArguments@5b2f8ab6
[2020-03-10 16:34:26 INFO ] org.gameserver.core.server.SingleStartCloseHandler:30>onStart - 单服启动开始
[2020-03-10 16:34:26 INFO ] org.gameserver.core.server.SingleStartCloseHandler:31>onStart - 单服启动成功
[2020-03-10 16:41:20 INFO ] org.gameserver.core.server.SingleStartCloseHandler:24>onClose - 单服开始关服
[2020-03-10 16:41:20 INFO ] org.gameserver.core.server.SingleStartCloseHandler:25>onClose - 单服关服成功
[2020-03-10 16:41:23 INFO ] org.gameserver.core.SingleServerConsole:50>logStarting - Starting SingleServerConsole on DESKTOP-0C520QL with PID 14936 (E:\idea-workspace\game-server\game-core\target\classes started by bao in E:\idea-workspace\game-server)
[2020-03-10 16:41:23 INFO ] org.gameserver.core.SingleServerConsole:675>logStartupProfileInfo - No active profile set, falling back to default profiles: default
[2020-03-10 16:41:23 INFO ] org.springframework.context.annotation.ConfigurationClassEnhancer:355>intercept - @Bean method SingleBootConfig.requstScanner is non-static and returns an object assignable to Spring's BeanFactoryPostProcessor interface. This will result in a failure to process annotations such as @Autowired, @Resource and @PostConstruct within the method's declaring @Configuration class. Add the 'static' modifier to this method to avoid these container lifecycle issues; see @Bean javadoc for complete details.
[2020-03-10 16:41:23 ERROR] org.springframework.boot.SpringApplication:858>reportFailure - Application run failed java.lang.IllegalStateException: null
	at org.gameserver.core.server.net.request.RequstScanner.findClasses(RequstScanner.java:75) ~[classes/:?]
	at org.gameserver.core.server.net.request.RequstScanner.postProcessBeanFactory(RequstScanner.java:44) ~[classes/:?]
	at org.springframework.context.support.PostProcessorRegistrationDelegate.invokeBeanFactoryPostProcessors(PostProcessorRegistrationDelegate.java:286) ~[spring-context-5.1.2.RELEASE.jar:5.1.2.RELEASE]
	at org.springframework.context.support.PostProcessorRegistrationDelegate.invokeBeanFactoryPostProcessors(PostProcessorRegistrationDelegate.java:181) ~[spring-context-5.1.2.RELEASE.jar:5.1.2.RELEASE]
	at org.springframework.context.support.AbstractApplicationContext.invokeBeanFactoryPostProcessors(AbstractApplicationContext.java:691) ~[spring-context-5.1.2.RELEASE.jar:5.1.2.RELEASE]
	at org.springframework.context.support.AbstractApplicationContext.refresh(AbstractApplicationContext.java:528) ~[spring-context-5.1.2.RELEASE.jar:5.1.2.RELEASE]
	at org.springframework.boot.SpringApplication.refresh(SpringApplication.java:775) [spring-boot-2.1.0.RELEASE.jar:2.1.0.RELEASE]
	at org.springframework.boot.SpringApplication.refreshContext(SpringApplication.java:397) [spring-boot-2.1.0.RELEASE.jar:2.1.0.RELEASE]
	at org.springframework.boot.SpringApplication.run(SpringApplication.java:316) [spring-boot-2.1.0.RELEASE.jar:2.1.0.RELEASE]
	at org.springframework.boot.builder.SpringApplicationBuilder.run(SpringApplicationBuilder.java:139) [spring-boot-2.1.0.RELEASE.jar:2.1.0.RELEASE]
	at org.gameserver.core.SingleServerConsole.main(SingleServerConsole.java:30) [classes/:?]
Caused by: java.lang.NullPointerException
	at org.gameserver.core.server.net.request.RequstScanner.findClasses(RequstScanner.java:68) ~[classes/:?]
	... 10 more

[2020-03-10 16:42:14 INFO ] org.gameserver.core.SingleServerConsole:50>logStarting - Starting SingleServerConsole on DESKTOP-0C520QL with PID 1156 (E:\idea-workspace\game-server\game-core\target\classes started by bao in E:\idea-workspace\game-server)
[2020-03-10 16:42:14 INFO ] org.gameserver.core.SingleServerConsole:675>logStartupProfileInfo - No active profile set, falling back to default profiles: default
[2020-03-10 16:42:15 INFO ] org.springframework.context.annotation.ConfigurationClassEnhancer:355>intercept - @Bean method SingleBootConfig.requstScanner is non-static and returns an object assignable to Spring's BeanFactoryPostProcessor interface. This will result in a failure to process annotations such as @Autowired, @Resource and @PostConstruct within the method's declaring @Configuration class. Add the 'static' modifier to this method to avoid these container lifecycle issues; see @Bean javadoc for complete details.
[2020-03-10 16:42:38 ERROR] org.springframework.boot.SpringApplication:858>reportFailure - Application run failed java.lang.IllegalStateException: null
	at org.gameserver.core.server.net.request.RequstScanner.findClasses(RequstScanner.java:75) ~[classes/:?]
	at org.gameserver.core.server.net.request.RequstScanner.postProcessBeanFactory(RequstScanner.java:44) ~[classes/:?]
	at org.springframework.context.support.PostProcessorRegistrationDelegate.invokeBeanFactoryPostProcessors(PostProcessorRegistrationDelegate.java:286) ~[spring-context-5.1.2.RELEASE.jar:5.1.2.RELEASE]
	at org.springframework.context.support.PostProcessorRegistrationDelegate.invokeBeanFactoryPostProcessors(PostProcessorRegistrationDelegate.java:181) ~[spring-context-5.1.2.RELEASE.jar:5.1.2.RELEASE]
	at org.springframework.context.support.AbstractApplicationContext.invokeBeanFactoryPostProcessors(AbstractApplicationContext.java:691) ~[spring-context-5.1.2.RELEASE.jar:5.1.2.RELEASE]
	at org.springframework.context.support.AbstractApplicationContext.refresh(AbstractApplicationContext.java:528) ~[spring-context-5.1.2.RELEASE.jar:5.1.2.RELEASE]
	at org.springframework.boot.SpringApplication.refresh(SpringApplication.java:775) [spring-boot-2.1.0.RELEASE.jar:2.1.0.RELEASE]
	at org.springframework.boot.SpringApplication.refreshContext(SpringApplication.java:397) [spring-boot-2.1.0.RELEASE.jar:2.1.0.RELEASE]
	at org.springframework.boot.SpringApplication.run(SpringApplication.java:316) [spring-boot-2.1.0.RELEASE.jar:2.1.0.RELEASE]
	at org.springframework.boot.builder.SpringApplicationBuilder.run(SpringApplicationBuilder.java:139) [spring-boot-2.1.0.RELEASE.jar:2.1.0.RELEASE]
	at org.gameserver.core.SingleServerConsole.main(SingleServerConsole.java:30) [classes/:?]
Caused by: java.lang.NullPointerException
	at org.gameserver.core.server.net.request.RequstScanner.findClasses(RequstScanner.java:68) ~[classes/:?]
	... 10 more

[2020-03-10 16:43:24 INFO ] org.gameserver.core.SingleServerConsole:50>logStarting - Starting SingleServerConsole on DESKTOP-0C520QL with PID 912 (E:\idea-workspace\game-server\game-core\target\classes started by bao in E:\idea-workspace\game-server)
[2020-03-10 16:43:24 INFO ] org.gameserver.core.SingleServerConsole:675>logStartupProfileInfo - No active profile set, falling back to default profiles: default
[2020-03-10 16:43:24 INFO ] org.springframework.context.annotation.ConfigurationClassEnhancer:355>intercept - @Bean method SingleBootConfig.requstScanner is non-static and returns an object assignable to Spring's BeanFactoryPostProcessor interface. This will result in a failure to process annotations such as @Autowired, @Resource and @PostConstruct within the method's declaring @Configuration class. Add the 'static' modifier to this method to avoid these container lifecycle issues; see @Bean javadoc for complete details.
[2020-03-10 16:43:24 ERROR] org.springframework.boot.SpringApplication:858>reportFailure - Application run failed java.lang.IllegalStateException: null
	at org.gameserver.core.server.net.request.RequstScanner.findClasses(RequstScanner.java:75) ~[classes/:?]
	at org.gameserver.core.server.net.request.RequstScanner.postProcessBeanFactory(RequstScanner.java:44) ~[classes/:?]
	at org.springframework.context.support.PostProcessorRegistrationDelegate.invokeBeanFactoryPostProcessors(PostProcessorRegistrationDelegate.java:286) ~[spring-context-5.1.2.RELEASE.jar:5.1.2.RELEASE]
	at org.springframework.context.support.PostProcessorRegistrationDelegate.invokeBeanFactoryPostProcessors(PostProcessorRegistrationDelegate.java:181) ~[spring-context-5.1.2.RELEASE.jar:5.1.2.RELEASE]
	at org.springframework.context.support.AbstractApplicationContext.invokeBeanFactoryPostProcessors(AbstractApplicationContext.java:691) ~[spring-context-5.1.2.RELEASE.jar:5.1.2.RELEASE]
	at org.springframework.context.support.AbstractApplicationContext.refresh(AbstractApplicationContext.java:528) ~[spring-context-5.1.2.RELEASE.jar:5.1.2.RELEASE]
	at org.springframework.boot.SpringApplication.refresh(SpringApplication.java:775) [spring-boot-2.1.0.RELEASE.jar:2.1.0.RELEASE]
	at org.springframework.boot.SpringApplication.refreshContext(SpringApplication.java:397) [spring-boot-2.1.0.RELEASE.jar:2.1.0.RELEASE]
	at org.springframework.boot.SpringApplication.run(SpringApplication.java:316) [spring-boot-2.1.0.RELEASE.jar:2.1.0.RELEASE]
	at org.springframework.boot.builder.SpringApplicationBuilder.run(SpringApplicationBuilder.java:139) [spring-boot-2.1.0.RELEASE.jar:2.1.0.RELEASE]
	at org.gameserver.core.SingleServerConsole.main(SingleServerConsole.java:30) [classes/:?]
Caused by: java.lang.NullPointerException
	at org.gameserver.core.server.net.request.RequstScanner.findClasses(RequstScanner.java:68) ~[classes/:?]
	... 10 more

[2020-03-10 16:45:23 INFO ] org.gameserver.core.SingleServerConsole:50>logStarting - Starting SingleServerConsole on DESKTOP-0C520QL with PID 13460 (E:\idea-workspace\game-server\game-core\target\classes started by bao in E:\idea-workspace\game-server)
[2020-03-10 16:45:23 INFO ] org.gameserver.core.SingleServerConsole:675>logStartupProfileInfo - No active profile set, falling back to default profiles: default
[2020-03-10 16:45:23 INFO ] org.springframework.context.annotation.ConfigurationClassEnhancer:355>intercept - @Bean method SingleBootConfig.requstScanner is non-static and returns an object assignable to Spring's BeanFactoryPostProcessor interface. This will result in a failure to process annotations such as @Autowired, @Resource and @PostConstruct within the method's declaring @Configuration class. Add the 'static' modifier to this method to avoid these container lifecycle issues; see @Bean javadoc for complete details.
[2020-03-10 16:45:24 ERROR] org.springframework.boot.SpringApplication:858>reportFailure - Application run failed java.lang.IllegalStateException: null
	at org.gameserver.core.server.net.request.RequstScanner.findClasses(RequstScanner.java:75) ~[classes/:?]
	at org.gameserver.core.server.net.request.RequstScanner.postProcessBeanFactory(RequstScanner.java:44) ~[classes/:?]
	at org.springframework.context.support.PostProcessorRegistrationDelegate.invokeBeanFactoryPostProcessors(PostProcessorRegistrationDelegate.java:286) ~[spring-context-5.1.2.RELEASE.jar:5.1.2.RELEASE]
	at org.springframework.context.support.PostProcessorRegistrationDelegate.invokeBeanFactoryPostProcessors(PostProcessorRegistrationDelegate.java:181) ~[spring-context-5.1.2.RELEASE.jar:5.1.2.RELEASE]
	at org.springframework.context.support.AbstractApplicationContext.invokeBeanFactoryPostProcessors(AbstractApplicationContext.java:691) ~[spring-context-5.1.2.RELEASE.jar:5.1.2.RELEASE]
	at org.springframework.context.support.AbstractApplicationContext.refresh(AbstractApplicationContext.java:528) ~[spring-context-5.1.2.RELEASE.jar:5.1.2.RELEASE]
	at org.springframework.boot.SpringApplication.refresh(SpringApplication.java:775) [spring-boot-2.1.0.RELEASE.jar:2.1.0.RELEASE]
	at org.springframework.boot.SpringApplication.refreshContext(SpringApplication.java:397) [spring-boot-2.1.0.RELEASE.jar:2.1.0.RELEASE]
	at org.springframework.boot.SpringApplication.run(SpringApplication.java:316) [spring-boot-2.1.0.RELEASE.jar:2.1.0.RELEASE]
	at org.springframework.boot.builder.SpringApplicationBuilder.run(SpringApplicationBuilder.java:139) [spring-boot-2.1.0.RELEASE.jar:2.1.0.RELEASE]
	at org.gameserver.core.SingleServerConsole.main(SingleServerConsole.java:30) [classes/:?]
Caused by: java.lang.NullPointerException
	at org.gameserver.core.server.net.request.RequstScanner.findClasses(RequstScanner.java:68) ~[classes/:?]
	... 10 more

[2020-03-10 16:45:29 INFO ] org.gameserver.core.SingleServerConsole:50>logStarting - Starting SingleServerConsole on DESKTOP-0C520QL with PID 12708 (E:\idea-workspace\game-server\game-core\target\classes started by bao in E:\idea-workspace\game-server)
[2020-03-10 16:45:29 INFO ] org.gameserver.core.SingleServerConsole:675>logStartupProfileInfo - No active profile set, falling back to default profiles: default
[2020-03-10 16:45:29 INFO ] org.springframework.context.annotation.ConfigurationClassEnhancer:355>intercept - @Bean method SingleBootConfig.requstScanner is non-static and returns an object assignable to Spring's BeanFactoryPostProcessor interface. This will result in a failure to process annotations such as @Autowired, @Resource and @PostConstruct within the method's declaring @Configuration class. Add the 'static' modifier to this method to avoid these container lifecycle issues; see @Bean javadoc for complete details.
[2020-03-10 16:46:07 ERROR] org.springframework.boot.SpringApplication:858>reportFailure - Application run failed java.lang.IllegalStateException: null
	at org.gameserver.core.server.net.request.RequstScanner.findClasses(RequstScanner.java:75) ~[classes/:?]
	at org.gameserver.core.server.net.request.RequstScanner.postProcessBeanFactory(RequstScanner.java:44) ~[classes/:?]
	at org.springframework.context.support.PostProcessorRegistrationDelegate.invokeBeanFactoryPostProcessors(PostProcessorRegistrationDelegate.java:286) ~[spring-context-5.1.2.RELEASE.jar:5.1.2.RELEASE]
	at org.springframework.context.support.PostProcessorRegistrationDelegate.invokeBeanFactoryPostProcessors(PostProcessorRegistrationDelegate.java:181) ~[spring-context-5.1.2.RELEASE.jar:5.1.2.RELEASE]
	at org.springframework.context.support.AbstractApplicationContext.invokeBeanFactoryPostProcessors(AbstractApplicationContext.java:691) ~[spring-context-5.1.2.RELEASE.jar:5.1.2.RELEASE]
	at org.springframework.context.support.AbstractApplicationContext.refresh(AbstractApplicationContext.java:528) ~[spring-context-5.1.2.RELEASE.jar:5.1.2.RELEASE]
	at org.springframework.boot.SpringApplication.refresh(SpringApplication.java:775) [spring-boot-2.1.0.RELEASE.jar:2.1.0.RELEASE]
	at org.springframework.boot.SpringApplication.refreshContext(SpringApplication.java:397) [spring-boot-2.1.0.RELEASE.jar:2.1.0.RELEASE]
	at org.springframework.boot.SpringApplication.run(SpringApplication.java:316) [spring-boot-2.1.0.RELEASE.jar:2.1.0.RELEASE]
	at org.springframework.boot.builder.SpringApplicationBuilder.run(SpringApplicationBuilder.java:139) [spring-boot-2.1.0.RELEASE.jar:2.1.0.RELEASE]
	at org.gameserver.core.SingleServerConsole.main(SingleServerConsole.java:30) [classes/:?]
Caused by: java.lang.NullPointerException
	at org.gameserver.core.server.net.request.RequstScanner.findClasses(RequstScanner.java:68) ~[classes/:?]
	... 10 more

[2020-03-10 16:46:46 INFO ] org.gameserver.core.SingleServerConsole:50>logStarting - Starting SingleServerConsole on DESKTOP-0C520QL with PID 10160 (E:\idea-workspace\game-server\game-core\target\classes started by bao in E:\idea-workspace\game-server)
[2020-03-10 16:46:46 INFO ] org.gameserver.core.SingleServerConsole:675>logStartupProfileInfo - No active profile set, falling back to default profiles: default
[2020-03-10 16:46:46 INFO ] org.springframework.context.annotation.ConfigurationClassEnhancer:355>intercept - @Bean method SingleBootConfig.requstScanner is non-static and returns an object assignable to Spring's BeanFactoryPostProcessor interface. This will result in a failure to process annotations such as @Autowired, @Resource and @PostConstruct within the method's declaring @Configuration class. Add the 'static' modifier to this method to avoid these container lifecycle issues; see @Bean javadoc for complete details.
[2020-03-10 16:46:46 INFO ] org.gameserver.core.SingleServerConsole:59>logStarted - Started SingleServerConsole in 0.617 seconds (JVM running for 1.299)
[2020-03-10 16:46:46 INFO ] org.gameserver.core.SingleServerConsole:35>run - SingleServerConsole run args:org.springframework.boot.DefaultApplicationArguments@cb0f763
[2020-03-10 16:46:46 INFO ] org.gameserver.core.server.SingleStartCloseHandler:30>onStart - 单服启动开始
[2020-03-10 16:46:46 INFO ] org.gameserver.core.server.SingleStartCloseHandler:31>onStart - 单服启动成功
[2020-03-10 16:46:55 INFO ] org.gameserver.core.server.SingleStartCloseHandler:24>onClose - 单服开始关服
[2020-03-10 16:46:55 INFO ] org.gameserver.core.server.SingleStartCloseHandler:25>onClose - 单服关服成功
[2020-03-10 16:50:15 INFO ] org.gameserver.core.SingleServerConsole:50>logStarting - Starting SingleServerConsole on DESKTOP-0C520QL with PID 10912 (E:\idea-workspace\game-server\game-core\target\classes started by bao in E:\idea-workspace\game-server)
[2020-03-10 16:50:15 INFO ] org.gameserver.core.SingleServerConsole:675>logStartupProfileInfo - No active profile set, falling back to default profiles: default
[2020-03-10 16:50:16 INFO ] org.springframework.context.annotation.ConfigurationClassEnhancer:355>intercept - @Bean method SingleBootConfig.requstScanner is non-static and returns an object assignable to Spring's BeanFactoryPostProcessor interface. This will result in a failure to process annotations such as @Autowired, @Resource and @PostConstruct within the method's declaring @Configuration class. Add the 'static' modifier to this method to avoid these container lifecycle issues; see @Bean javadoc for complete details.
[2020-03-10 16:50:16 INFO ] org.gameserver.core.server.net.request.RequstScanner:70>findClasses - 注册请求:101001 class:class org.gameserver.core.single.module.player.PlayerLoginRequest
[2020-03-10 16:50:16 INFO ] org.gameserver.core.server.net.request.RequstScanner:70>findClasses - 注册请求:101002 class:class org.gameserver.core.single.module.player.PlayerRegistRequet
[2020-03-10 16:50:16 INFO ] org.gameserver.core.SingleServerConsole:59>logStarted - Started SingleServerConsole in 0.657 seconds (JVM running for 1.358)
[2020-03-10 16:50:16 INFO ] org.gameserver.core.SingleServerConsole:35>run - SingleServerConsole run args:org.springframework.boot.DefaultApplicationArguments@14fc5d40
[2020-03-10 16:50:16 INFO ] org.gameserver.core.server.SingleStartCloseHandler:30>onStart - 单服启动开始
[2020-03-10 16:50:16 INFO ] org.gameserver.core.server.SingleStartCloseHandler:31>onStart - 单服启动成功
[2020-03-10 17:59:41 INFO ] org.gameserver.core.server.SingleStartCloseHandler:24>onClose - 单服开始关服
[2020-03-10 17:59:41 INFO ] org.gameserver.core.server.SingleStartCloseHandler:25>onClose - 单服关服成功
