[2020-03-10 16:41:23 ERROR] org.springframework.boot.SpringApplication:858>reportFailure - Application run failed java.lang.IllegalStateException: null
	at org.gameserver.core.server.net.request.RequstScanner.findClasses(RequstScanner.java:75) ~[classes/:?]
	at org.gameserver.core.server.net.request.RequstScanner.postProcessBeanFactory(RequstScanner.java:44) ~[classes/:?]
	at org.springframework.context.support.PostProcessorRegistrationDelegate.invokeBeanFactoryPostProcessors(PostProcessorRegistrationDelegate.java:286) ~[spring-context-5.1.2.RELEASE.jar:5.1.2.RELEASE]
	at org.springframework.context.support.PostProcessorRegistrationDelegate.invokeBeanFactoryPostProcessors(PostProcessorRegistrationDelegate.java:181) ~[spring-context-5.1.2.RELEASE.jar:5.1.2.RELEASE]
	at org.springframework.context.support.AbstractApplicationContext.invokeBeanFactoryPostProcessors(AbstractApplicationContext.java:691) ~[spring-context-5.1.2.RELEASE.jar:5.1.2.RELEASE]
	at org.springframework.context.support.AbstractApplicationContext.refresh(AbstractApplicationContext.java:528) ~[spring-context-5.1.2.RELEASE.jar:5.1.2.RELEASE]
	at org.springframework.boot.SpringApplication.refresh(SpringApplication.java:775) [spring-boot-2.1.0.RELEASE.jar:2.1.0.RELEASE]
	at org.springframework.boot.SpringApplication.refreshContext(SpringApplication.java:397) [spring-boot-2.1.0.RELEASE.jar:2.1.0.RELEASE]
	at org.springframework.boot.SpringApplication.run(SpringApplication.java:316) [spring-boot-2.1.0.RELEASE.jar:2.1.0.RELEASE]
	at org.springframework.boot.builder.SpringApplicationBuilder.run(SpringApplicationBuilder.java:139) [spring-boot-2.1.0.RELEASE.jar:2.1.0.RELEASE]
	at org.gameserver.core.SingleServerConsole.main(SingleServerConsole.java:30) [classes/:?]
Caused by: java.lang.NullPointerException
	at org.gameserver.core.server.net.request.RequstScanner.findClasses(RequstScanner.java:68) ~[classes/:?]
	... 10 more

[2020-03-10 16:42:38 ERROR] org.springframework.boot.SpringApplication:858>reportFailure - Application run failed java.lang.IllegalStateException: null
	at org.gameserver.core.server.net.request.RequstScanner.findClasses(RequstScanner.java:75) ~[classes/:?]
	at org.gameserver.core.server.net.request.RequstScanner.postProcessBeanFactory(RequstScanner.java:44) ~[classes/:?]
	at org.springframework.context.support.PostProcessorRegistrationDelegate.invokeBeanFactoryPostProcessors(PostProcessorRegistrationDelegate.java:286) ~[spring-context-5.1.2.RELEASE.jar:5.1.2.RELEASE]
	at org.springframework.context.support.PostProcessorRegistrationDelegate.invokeBeanFactoryPostProcessors(PostProcessorRegistrationDelegate.java:181) ~[spring-context-5.1.2.RELEASE.jar:5.1.2.RELEASE]
	at org.springframework.context.support.AbstractApplicationContext.invokeBeanFactoryPostProcessors(AbstractApplicationContext.java:691) ~[spring-context-5.1.2.RELEASE.jar:5.1.2.RELEASE]
	at org.springframework.context.support.AbstractApplicationContext.refresh(AbstractApplicationContext.java:528) ~[spring-context-5.1.2.RELEASE.jar:5.1.2.RELEASE]
	at org.springframework.boot.SpringApplication.refresh(SpringApplication.java:775) [spring-boot-2.1.0.RELEASE.jar:2.1.0.RELEASE]
	at org.springframework.boot.SpringApplication.refreshContext(SpringApplication.java:397) [spring-boot-2.1.0.RELEASE.jar:2.1.0.RELEASE]
	at org.springframework.boot.SpringApplication.run(SpringApplication.java:316) [spring-boot-2.1.0.RELEASE.jar:2.1.0.RELEASE]
	at org.springframework.boot.builder.SpringApplicationBuilder.run(SpringApplicationBuilder.java:139) [spring-boot-2.1.0.RELEASE.jar:2.1.0.RELEASE]
	at org.gameserver.core.SingleServerConsole.main(SingleServerConsole.java:30) [classes/:?]
Caused by: java.lang.NullPointerException
	at org.gameserver.core.server.net.request.RequstScanner.findClasses(RequstScanner.java:68) ~[classes/:?]
	... 10 more

[2020-03-10 16:43:24 ERROR] org.springframework.boot.SpringApplication:858>reportFailure - Application run failed java.lang.IllegalStateException: null
	at org.gameserver.core.server.net.request.RequstScanner.findClasses(RequstScanner.java:75) ~[classes/:?]
	at org.gameserver.core.server.net.request.RequstScanner.postProcessBeanFactory(RequstScanner.java:44) ~[classes/:?]
	at org.springframework.context.support.PostProcessorRegistrationDelegate.invokeBeanFactoryPostProcessors(PostProcessorRegistrationDelegate.java:286) ~[spring-context-5.1.2.RELEASE.jar:5.1.2.RELEASE]
	at org.springframework.context.support.PostProcessorRegistrationDelegate.invokeBeanFactoryPostProcessors(PostProcessorRegistrationDelegate.java:181) ~[spring-context-5.1.2.RELEASE.jar:5.1.2.RELEASE]
	at org.springframework.context.support.AbstractApplicationContext.invokeBeanFactoryPostProcessors(AbstractApplicationContext.java:691) ~[spring-context-5.1.2.RELEASE.jar:5.1.2.RELEASE]
	at org.springframework.context.support.AbstractApplicationContext.refresh(AbstractApplicationContext.java:528) ~[spring-context-5.1.2.RELEASE.jar:5.1.2.RELEASE]
	at org.springframework.boot.SpringApplication.refresh(SpringApplication.java:775) [spring-boot-2.1.0.RELEASE.jar:2.1.0.RELEASE]
	at org.springframework.boot.SpringApplication.refreshContext(SpringApplication.java:397) [spring-boot-2.1.0.RELEASE.jar:2.1.0.RELEASE]
	at org.springframework.boot.SpringApplication.run(SpringApplication.java:316) [spring-boot-2.1.0.RELEASE.jar:2.1.0.RELEASE]
	at org.springframework.boot.builder.SpringApplicationBuilder.run(SpringApplicationBuilder.java:139) [spring-boot-2.1.0.RELEASE.jar:2.1.0.RELEASE]
	at org.gameserver.core.SingleServerConsole.main(SingleServerConsole.java:30) [classes/:?]
Caused by: java.lang.NullPointerException
	at org.gameserver.core.server.net.request.RequstScanner.findClasses(RequstScanner.java:68) ~[classes/:?]
	... 10 more

[2020-03-10 16:45:24 ERROR] org.springframework.boot.SpringApplication:858>reportFailure - Application run failed java.lang.IllegalStateException: null
	at org.gameserver.core.server.net.request.RequstScanner.findClasses(RequstScanner.java:75) ~[classes/:?]
	at org.gameserver.core.server.net.request.RequstScanner.postProcessBeanFactory(RequstScanner.java:44) ~[classes/:?]
	at org.springframework.context.support.PostProcessorRegistrationDelegate.invokeBeanFactoryPostProcessors(PostProcessorRegistrationDelegate.java:286) ~[spring-context-5.1.2.RELEASE.jar:5.1.2.RELEASE]
	at org.springframework.context.support.PostProcessorRegistrationDelegate.invokeBeanFactoryPostProcessors(PostProcessorRegistrationDelegate.java:181) ~[spring-context-5.1.2.RELEASE.jar:5.1.2.RELEASE]
	at org.springframework.context.support.AbstractApplicationContext.invokeBeanFactoryPostProcessors(AbstractApplicationContext.java:691) ~[spring-context-5.1.2.RELEASE.jar:5.1.2.RELEASE]
	at org.springframework.context.support.AbstractApplicationContext.refresh(AbstractApplicationContext.java:528) ~[spring-context-5.1.2.RELEASE.jar:5.1.2.RELEASE]
	at org.springframework.boot.SpringApplication.refresh(SpringApplication.java:775) [spring-boot-2.1.0.RELEASE.jar:2.1.0.RELEASE]
	at org.springframework.boot.SpringApplication.refreshContext(SpringApplication.java:397) [spring-boot-2.1.0.RELEASE.jar:2.1.0.RELEASE]
	at org.springframework.boot.SpringApplication.run(SpringApplication.java:316) [spring-boot-2.1.0.RELEASE.jar:2.1.0.RELEASE]
	at org.springframework.boot.builder.SpringApplicationBuilder.run(SpringApplicationBuilder.java:139) [spring-boot-2.1.0.RELEASE.jar:2.1.0.RELEASE]
	at org.gameserver.core.SingleServerConsole.main(SingleServerConsole.java:30) [classes/:?]
Caused by: java.lang.NullPointerException
	at org.gameserver.core.server.net.request.RequstScanner.findClasses(RequstScanner.java:68) ~[classes/:?]
	... 10 more

[2020-03-10 16:46:07 ERROR] org.springframework.boot.SpringApplication:858>reportFailure - Application run failed java.lang.IllegalStateException: null
	at org.gameserver.core.server.net.request.RequstScanner.findClasses(RequstScanner.java:75) ~[classes/:?]
	at org.gameserver.core.server.net.request.RequstScanner.postProcessBeanFactory(RequstScanner.java:44) ~[classes/:?]
	at org.springframework.context.support.PostProcessorRegistrationDelegate.invokeBeanFactoryPostProcessors(PostProcessorRegistrationDelegate.java:286) ~[spring-context-5.1.2.RELEASE.jar:5.1.2.RELEASE]
	at org.springframework.context.support.PostProcessorRegistrationDelegate.invokeBeanFactoryPostProcessors(PostProcessorRegistrationDelegate.java:181) ~[spring-context-5.1.2.RELEASE.jar:5.1.2.RELEASE]
	at org.springframework.context.support.AbstractApplicationContext.invokeBeanFactoryPostProcessors(AbstractApplicationContext.java:691) ~[spring-context-5.1.2.RELEASE.jar:5.1.2.RELEASE]
	at org.springframework.context.support.AbstractApplicationContext.refresh(AbstractApplicationContext.java:528) ~[spring-context-5.1.2.RELEASE.jar:5.1.2.RELEASE]
	at org.springframework.boot.SpringApplication.refresh(SpringApplication.java:775) [spring-boot-2.1.0.RELEASE.jar:2.1.0.RELEASE]
	at org.springframework.boot.SpringApplication.refreshContext(SpringApplication.java:397) [spring-boot-2.1.0.RELEASE.jar:2.1.0.RELEASE]
	at org.springframework.boot.SpringApplication.run(SpringApplication.java:316) [spring-boot-2.1.0.RELEASE.jar:2.1.0.RELEASE]
	at org.springframework.boot.builder.SpringApplicationBuilder.run(SpringApplicationBuilder.java:139) [spring-boot-2.1.0.RELEASE.jar:2.1.0.RELEASE]
	at org.gameserver.core.SingleServerConsole.main(SingleServerConsole.java:30) [classes/:?]
Caused by: java.lang.NullPointerException
	at org.gameserver.core.server.net.request.RequstScanner.findClasses(RequstScanner.java:68) ~[classes/:?]
	... 10 more

